{"C:\\Users\\Angie Carolina\\Desktop\\back-typescript\\src\\api\\controllers\\delete.ts": {"path":"C:\\Users\\Angie Carolina\\Desktop\\back-typescript\\src\\api\\controllers\\delete.ts","statementMap":{"0":{"start":{"line":2,"column":0},"end":{"line":2,"column":49}},"1":{"start":{"line":4,"column":21},"end":{"line":28,"column":2}},"2":{"start":{"line":4,"column":59},"end":{"line":28,"column":2}},"3":{"start":{"line":5,"column":17},"end":{"line":5,"column":27}},"4":{"start":{"line":7,"column":2},"end":{"line":27,"column":3}},"5":{"start":{"line":10,"column":4},"end":{"line":12,"column":5}},"6":{"start":{"line":11,"column":6},"end":{"line":11,"column":72}},"7":{"start":{"line":14,"column":18},"end":{"line":14,"column":47}},"8":{"start":{"line":16,"column":4},"end":{"line":18,"column":5}},"9":{"start":{"line":17,"column":6},"end":{"line":17,"column":60}},"10":{"start":{"line":20,"column":4},"end":{"line":20,"column":26}},"11":{"start":{"line":22,"column":4},"end":{"line":23,"column":26}},"12":{"start":{"line":26,"column":4},"end":{"line":26,"column":76}},"13":{"start":{"line":30,"column":0},"end":{"line":30,"column":28}}},"fnMap":{"0":{"name":"(anonymous_8)","decl":{"start":{"line":4,"column":21},"end":{"line":4,"column":28}},"loc":{"start":{"line":4,"column":59},"end":{"line":28,"column":2}}},"1":{"name":"(anonymous_9)","decl":{"start":{"line":4,"column":59},"end":{"line":4,"column":null}},"loc":{"start":{"line":4,"column":59},"end":{"line":28,"column":1}}}},"branchMap":{"0":{"loc":{"start":{"line":10,"column":4},"end":{"line":12,"column":5}},"type":"if","locations":[{"start":{"line":10,"column":4},"end":{"line":12,"column":5}}]},"1":{"loc":{"start":{"line":10,"column":8},"end":{"line":10,"column":34}},"type":"binary-expr","locations":[{"start":{"line":10,"column":8},"end":{"line":10,"column":11}},{"start":{"line":10,"column":15},"end":{"line":10,"column":34}}]},"2":{"loc":{"start":{"line":16,"column":4},"end":{"line":18,"column":5}},"type":"if","locations":[{"start":{"line":16,"column":4},"end":{"line":18,"column":5}}]}},"s":{"0":1,"1":1,"2":2,"3":2,"4":2,"5":2,"6":1,"7":1,"8":1,"9":1,"10":0,"11":0,"12":0,"13":1},"f":{"0":2,"1":2},"b":{"0":[1],"1":[2,2],"2":[1]}}
,"C:\\Users\\Angie Carolina\\Desktop\\back-typescript\\src\\api\\controllers\\get.ts": {"path":"C:\\Users\\Angie Carolina\\Desktop\\back-typescript\\src\\api\\controllers\\get.ts","statementMap":{"0":{"start":{"line":2,"column":0},"end":{"line":2,"column":49}},"1":{"start":{"line":5,"column":26},"end":{"line":12,"column":2}},"2":{"start":{"line":5,"column":65},"end":{"line":12,"column":2}},"3":{"start":{"line":6,"column":4},"end":{"line":11,"column":5}},"4":{"start":{"line":7,"column":6},"end":{"line":7,"column":39}},"5":{"start":{"line":8,"column":6},"end":{"line":8,"column":28}},"6":{"start":{"line":10,"column":6},"end":{"line":10,"column":57}},"7":{"start":{"line":5,"column":13},"end":{"line":5,"column":26}},"8":{"start":{"line":14,"column":25},"end":{"line":48,"column":null}},"9":{"start":{"line":14,"column":63},"end":{"line":48,"column":null}},"10":{"start":{"line":15,"column":2},"end":{"line":47,"column":3}},"11":{"start":{"line":16,"column":52},"end":{"line":16,"column":61}},"12":{"start":{"line":18,"column":22},"end":{"line":18,"column":55}},"13":{"start":{"line":19,"column":19},"end":{"line":19,"column":21}},"14":{"start":{"line":21,"column":17},"end":{"line":21,"column":45}},"15":{"start":{"line":23,"column":17},"end":{"line":27,"column":4}},"16":{"start":{"line":29,"column":22},"end":{"line":29,"column":46}},"17":{"start":{"line":30,"column":21},"end":{"line":30,"column":54}},"18":{"start":{"line":32,"column":2},"end":{"line":34,"column":3}},"19":{"start":{"line":33,"column":4},"end":{"line":33,"column":null}},"20":{"start":{"line":36,"column":2},"end":{"line":38,"column":3}},"21":{"start":{"line":37,"column":4},"end":{"line":37,"column":93}},"22":{"start":{"line":40,"column":2},"end":{"line":43,"column":5}},"23":{"start":{"line":46,"column":4},"end":{"line":46,"column":64}},"24":{"start":{"line":14,"column":13},"end":{"line":14,"column":25}}},"fnMap":{"0":{"name":"(anonymous_8)","decl":{"start":{"line":5,"column":26},"end":{"line":5,"column":33}},"loc":{"start":{"line":5,"column":65},"end":{"line":12,"column":2}}},"1":{"name":"(anonymous_9)","decl":{"start":{"line":5,"column":65},"end":{"line":5,"column":null}},"loc":{"start":{"line":5,"column":65},"end":{"line":12,"column":1}}},"2":{"name":"(anonymous_10)","decl":{"start":{"line":14,"column":25},"end":{"line":14,"column":32}},"loc":{"start":{"line":14,"column":63},"end":{"line":48,"column":null}}},"3":{"name":"(anonymous_11)","decl":{"start":{"line":14,"column":63},"end":{"line":14,"column":null}},"loc":{"start":{"line":14,"column":63},"end":{"line":48,"column":1}}}},"branchMap":{"0":{"loc":{"start":{"line":18,"column":31},"end":{"line":18,"column":50}},"type":"binary-expr","locations":[{"start":{"line":18,"column":31},"end":{"line":18,"column":43}},{"start":{"line":18,"column":47},"end":{"line":18,"column":50}}]},"1":{"loc":{"start":{"line":32,"column":2},"end":{"line":34,"column":3}},"type":"if","locations":[{"start":{"line":32,"column":2},"end":{"line":34,"column":3}}]},"2":{"loc":{"start":{"line":36,"column":2},"end":{"line":38,"column":3}},"type":"if","locations":[{"start":{"line":36,"column":2},"end":{"line":38,"column":3}}]}},"s":{"0":1,"1":1,"2":1,"3":1,"4":1,"5":1,"6":0,"7":1,"8":1,"9":3,"10":3,"11":3,"12":3,"13":3,"14":3,"15":3,"16":2,"17":2,"18":2,"19":1,"20":1,"21":0,"22":1,"23":1,"24":1},"f":{"0":1,"1":1,"2":3,"3":3},"b":{"0":[3,1],"1":[1],"2":[0]}}
,"C:\\Users\\Angie Carolina\\Desktop\\back-typescript\\src\\api\\controllers\\patch.ts": {"path":"C:\\Users\\Angie Carolina\\Desktop\\back-typescript\\src\\api\\controllers\\patch.ts","statementMap":{"0":{"start":{"line":2,"column":0},"end":{"line":2,"column":42}},"1":{"start":{"line":4,"column":28},"end":{"line":40,"column":2}},"2":{"start":{"line":4,"column":66},"end":{"line":40,"column":2}},"3":{"start":{"line":6,"column":17},"end":{"line":6,"column":27}},"4":{"start":{"line":7,"column":103},"end":{"line":7,"column":111}},"5":{"start":{"line":10,"column":2},"end":{"line":12,"column":3}},"6":{"start":{"line":11,"column":4},"end":{"line":11,"column":97}},"7":{"start":{"line":14,"column":2},"end":{"line":39,"column":3}},"8":{"start":{"line":15,"column":18},"end":{"line":15,"column":47}},"9":{"start":{"line":17,"column":4},"end":{"line":19,"column":5}},"10":{"start":{"line":18,"column":6},"end":{"line":18,"column":71}},"11":{"start":{"line":22,"column":31},"end":{"line":22,"column":33}},"12":{"start":{"line":23,"column":4},"end":{"line":23,"column":43}},"13":{"start":{"line":23,"column":15},"end":{"line":23,"column":43}},"14":{"start":{"line":24,"column":4},"end":{"line":24,"column":52}},"15":{"start":{"line":24,"column":18},"end":{"line":24,"column":52}},"16":{"start":{"line":25,"column":4},"end":{"line":25,"column":43}},"17":{"start":{"line":25,"column":15},"end":{"line":25,"column":43}},"18":{"start":{"line":26,"column":4},"end":{"line":26,"column":52}},"19":{"start":{"line":26,"column":18},"end":{"line":26,"column":52}},"20":{"start":{"line":27,"column":4},"end":{"line":27,"column":52}},"21":{"start":{"line":27,"column":18},"end":{"line":27,"column":52}},"22":{"start":{"line":28,"column":4},"end":{"line":28,"column":40}},"23":{"start":{"line":28,"column":14},"end":{"line":28,"column":40}},"24":{"start":{"line":29,"column":4},"end":{"line":29,"column":67}},"25":{"start":{"line":29,"column":23},"end":{"line":29,"column":67}},"26":{"start":{"line":30,"column":4},"end":{"line":30,"column":67}},"27":{"start":{"line":30,"column":23},"end":{"line":30,"column":67}},"28":{"start":{"line":31,"column":4},"end":{"line":31,"column":52}},"29":{"start":{"line":31,"column":18},"end":{"line":31,"column":52}},"30":{"start":{"line":33,"column":21},"end":{"line":33,"column":98}},"31":{"start":{"line":35,"column":4},"end":{"line":35,"column":42}},"32":{"start":{"line":38,"column":4},"end":{"line":38,"column":78}},"33":{"start":{"line":4,"column":13},"end":{"line":4,"column":28}},"34":{"start":{"line":42,"column":0},"end":{"line":42,"column":28}}},"fnMap":{"0":{"name":"(anonymous_8)","decl":{"start":{"line":4,"column":28},"end":{"line":4,"column":35}},"loc":{"start":{"line":4,"column":66},"end":{"line":40,"column":2}}},"1":{"name":"(anonymous_9)","decl":{"start":{"line":4,"column":66},"end":{"line":4,"column":null}},"loc":{"start":{"line":4,"column":66},"end":{"line":40,"column":1}}}},"branchMap":{"0":{"loc":{"start":{"line":10,"column":2},"end":{"line":12,"column":3}},"type":"if","locations":[{"start":{"line":10,"column":2},"end":{"line":12,"column":3}}]},"1":{"loc":{"start":{"line":10,"column":6},"end":{"line":10,"column":66}},"type":"binary-expr","locations":[{"start":{"line":10,"column":6},"end":{"line":10,"column":12}},{"start":{"line":10,"column":16},"end":{"line":10,"column":22}},{"start":{"line":10,"column":26},"end":{"line":10,"column":35}},{"start":{"line":10,"column":39},"end":{"line":10,"column":53}},{"start":{"line":10,"column":57},"end":{"line":10,"column":66}}]},"2":{"loc":{"start":{"line":17,"column":4},"end":{"line":19,"column":5}},"type":"if","locations":[{"start":{"line":17,"column":4},"end":{"line":19,"column":5}}]},"3":{"loc":{"start":{"line":23,"column":4},"end":{"line":23,"column":43}},"type":"if","locations":[{"start":{"line":23,"column":4},"end":{"line":23,"column":43}}]},"4":{"loc":{"start":{"line":24,"column":4},"end":{"line":24,"column":52}},"type":"if","locations":[{"start":{"line":24,"column":4},"end":{"line":24,"column":52}}]},"5":{"loc":{"start":{"line":25,"column":4},"end":{"line":25,"column":43}},"type":"if","locations":[{"start":{"line":25,"column":4},"end":{"line":25,"column":43}}]},"6":{"loc":{"start":{"line":26,"column":4},"end":{"line":26,"column":52}},"type":"if","locations":[{"start":{"line":26,"column":4},"end":{"line":26,"column":52}}]},"7":{"loc":{"start":{"line":27,"column":4},"end":{"line":27,"column":52}},"type":"if","locations":[{"start":{"line":27,"column":4},"end":{"line":27,"column":52}}]},"8":{"loc":{"start":{"line":28,"column":4},"end":{"line":28,"column":40}},"type":"if","locations":[{"start":{"line":28,"column":4},"end":{"line":28,"column":40}}]},"9":{"loc":{"start":{"line":29,"column":4},"end":{"line":29,"column":67}},"type":"if","locations":[{"start":{"line":29,"column":4},"end":{"line":29,"column":67}}]},"10":{"loc":{"start":{"line":30,"column":4},"end":{"line":30,"column":67}},"type":"if","locations":[{"start":{"line":30,"column":4},"end":{"line":30,"column":67}}]},"11":{"loc":{"start":{"line":31,"column":4},"end":{"line":31,"column":52}},"type":"if","locations":[{"start":{"line":31,"column":4},"end":{"line":31,"column":52}}]},"12":{"loc":{"start":{"line":33,"column":27},"end":{"line":33,"column":97}},"type":"cond-expr","locations":[{"start":{"line":33,"column":32},"end":{"line":33,"column":34}},{"start":{"line":33,"column":27},"end":{"line":33,"column":97}}]},"13":{"loc":{"start":{"line":33,"column":27},"end":{"line":33,"column":34}},"type":"binary-expr","locations":[{"start":{"line":33,"column":27},"end":{"line":33,"column":34}},{"start":{"line":33,"column":27},"end":{"line":33,"column":34}}]}},"s":{"0":1,"1":1,"2":3,"3":3,"4":3,"5":3,"6":1,"7":2,"8":2,"9":2,"10":1,"11":1,"12":1,"13":1,"14":1,"15":1,"16":1,"17":0,"18":1,"19":0,"20":1,"21":0,"22":1,"23":0,"24":1,"25":0,"26":1,"27":0,"28":1,"29":0,"30":1,"31":1,"32":0,"33":1,"34":1},"f":{"0":3,"1":3},"b":{"0":[1],"1":[3,1,1,1,1],"2":[1],"3":[1],"4":[1],"5":[0],"6":[0],"7":[0],"8":[0],"9":[0],"10":[0],"11":[0],"12":[0,1],"13":[1,1]}}
,"C:\\Users\\Angie Carolina\\Desktop\\back-typescript\\src\\api\\controllers\\post.ts": {"path":"C:\\Users\\Angie Carolina\\Desktop\\back-typescript\\src\\api\\controllers\\post.ts","statementMap":{"0":{"start":{"line":2,"column":0},"end":{"line":2,"column":49}},"1":{"start":{"line":4,"column":20},"end":{"line":29,"column":null}},"2":{"start":{"line":4,"column":56},"end":{"line":29,"column":null}},"3":{"start":{"line":5,"column":105},"end":{"line":5,"column":113}},"4":{"start":{"line":7,"column":4},"end":{"line":9,"column":5}},"5":{"start":{"line":8,"column":6},"end":{"line":8,"column":66}},"6":{"start":{"line":11,"column":4},"end":{"line":28,"column":5}},"7":{"start":{"line":12,"column":20},"end":{"line":22,"column":8}},"8":{"start":{"line":24,"column":6},"end":{"line":24,"column":41}},"9":{"start":{"line":27,"column":6},"end":{"line":27,"column":null}},"10":{"start":{"line":31,"column":0},"end":{"line":31,"column":27}}},"fnMap":{"0":{"name":"(anonymous_8)","decl":{"start":{"line":4,"column":20},"end":{"line":4,"column":27}},"loc":{"start":{"line":4,"column":56},"end":{"line":29,"column":null}}},"1":{"name":"(anonymous_9)","decl":{"start":{"line":4,"column":56},"end":{"line":4,"column":null}},"loc":{"start":{"line":4,"column":56},"end":{"line":29,"column":1}}}},"branchMap":{"0":{"loc":{"start":{"line":7,"column":4},"end":{"line":9,"column":5}},"type":"if","locations":[{"start":{"line":7,"column":4},"end":{"line":9,"column":5}}]},"1":{"loc":{"start":{"line":7,"column":8},"end":{"line":7,"column":68}},"type":"binary-expr","locations":[{"start":{"line":7,"column":8},"end":{"line":7,"column":14}},{"start":{"line":7,"column":18},"end":{"line":7,"column":24}},{"start":{"line":7,"column":28},"end":{"line":7,"column":37}},{"start":{"line":7,"column":41},"end":{"line":7,"column":55}},{"start":{"line":7,"column":59},"end":{"line":7,"column":68}}]}},"s":{"0":1,"1":1,"2":3,"3":3,"4":3,"5":1,"6":2,"7":2,"8":1,"9":1,"10":1},"f":{"0":3,"1":3},"b":{"0":[1],"1":[3,2,2,2,2]}}
,"C:\\Users\\Angie Carolina\\Desktop\\back-typescript\\src\\api\\models\\movies.ts": {"path":"C:\\Users\\Angie Carolina\\Desktop\\back-typescript\\src\\api\\models\\movies.ts","statementMap":{"0":{"start":{"line":1,"column":0},"end":{"line":1,"column":44}},"1":{"start":{"line":2,"column":0},"end":{"line":2,"column":40}},"2":{"start":{"line":16,"column":19},"end":{"line":62,"column":null}},"3":{"start":{"line":65,"column":0},"end":{"line":65,"column":26}}},"fnMap":{},"branchMap":{},"s":{"0":1,"1":1,"2":1,"3":1},"f":{},"b":{}}
}
