TN:
SF:src\api\controllers\delete.ts
FN:4,(anonymous_8)
FN:4,(anonymous_9)
FNF:2
FNH:2
FNDA:2,(anonymous_8)
FNDA:2,(anonymous_9)
DA:2,1
DA:4,2
DA:5,2
DA:7,2
DA:10,2
DA:11,1
DA:14,1
DA:16,1
DA:17,1
DA:20,0
DA:22,0
DA:26,0
DA:30,1
LF:13
LH:10
BRDA:10,0,0,1
BRDA:10,1,0,2
BRDA:10,1,1,2
BRDA:16,2,0,1
BRF:4
BRH:4
end_of_record
TN:
SF:src\api\controllers\get.ts
FN:5,(anonymous_8)
FN:5,(anonymous_9)
FN:14,(anonymous_10)
FN:14,(anonymous_11)
FNF:4
FNH:4
FNDA:1,(anonymous_8)
FNDA:1,(anonymous_9)
FNDA:3,(anonymous_10)
FNDA:3,(anonymous_11)
DA:2,1
DA:5,1
DA:6,1
DA:7,1
DA:8,1
DA:10,0
DA:14,3
DA:15,3
DA:16,3
DA:18,3
DA:19,3
DA:21,3
DA:23,3
DA:29,2
DA:30,2
DA:32,2
DA:33,1
DA:36,1
DA:37,0
DA:40,1
DA:46,1
LF:21
LH:19
BRDA:18,0,0,3
BRDA:18,0,1,1
BRDA:32,1,0,1
BRDA:36,2,0,0
BRF:4
BRH:3
end_of_record
TN:
SF:src\api\controllers\patch.ts
FN:4,(anonymous_8)
FN:4,(anonymous_9)
FNF:2
FNH:2
FNDA:3,(anonymous_8)
FNDA:3,(anonymous_9)
DA:2,1
DA:4,3
DA:6,3
DA:7,3
DA:10,3
DA:11,1
DA:14,2
DA:15,2
DA:17,2
DA:18,1
DA:22,1
DA:23,1
DA:24,1
DA:25,1
DA:26,1
DA:27,1
DA:28,1
DA:29,1
DA:30,1
DA:31,1
DA:33,1
DA:35,1
DA:38,0
DA:42,1
LF:24
LH:23
BRDA:10,0,0,1
BRDA:10,1,0,3
BRDA:10,1,1,1
BRDA:10,1,2,1
BRDA:10,1,3,1
BRDA:10,1,4,1
BRDA:17,2,0,1
BRDA:23,3,0,1
BRDA:24,4,0,1
BRDA:25,5,0,0
BRDA:26,6,0,0
BRDA:27,7,0,0
BRDA:28,8,0,0
BRDA:29,9,0,0
BRDA:30,10,0,0
BRDA:31,11,0,0
BRDA:33,12,0,0
BRDA:33,12,1,1
BRDA:33,13,0,1
BRDA:33,13,1,1
BRF:20
BRH:12
end_of_record
TN:
SF:src\api\controllers\post.ts
FN:4,(anonymous_8)
FN:4,(anonymous_9)
FNF:2
FNH:2
FNDA:3,(anonymous_8)
FNDA:3,(anonymous_9)
DA:2,1
DA:4,3
DA:5,3
DA:7,3
DA:8,1
DA:11,2
DA:12,2
DA:24,1
DA:27,1
DA:31,1
LF:10
LH:10
BRDA:7,0,0,1
BRDA:7,1,0,3
BRDA:7,1,1,2
BRDA:7,1,2,2
BRDA:7,1,3,2
BRDA:7,1,4,2
BRF:6
BRH:6
end_of_record
TN:
SF:src\api\models\movies.ts
FNF:0
FNH:0
DA:1,1
DA:2,1
DA:16,1
DA:65,1
LF:4
LH:4
BRF:0
BRH:0
end_of_record
